<?xml version="1.0" encoding="UTF-8"?>
<robot generator="Robot 6.0.2 (Python 3.11.3 on win32)" generated="20230502 11:26:00.511" rpa="false" schemaversion="3">
<suite id="s1" name="Preenchimento Incorreto" source="c:\Users\senna\Documents\Projetos\Robotframework\robotframework\testes\preenchimento_incorreto.robot">
<test id="s1-t1" name="Verificar a mensagem de campo obrigatório quando o formulário não for preenchido corretamente" line="11">
<kw name="Dado que eu acesse o site do organo" library="setup_teardown" type="SETUP">
<kw name="Open Browser" library="SeleniumLibrary">
<arg>url=http://localhost:3000/</arg>
<arg>browser=Chrome</arg>
<doc>Opens a new browser instance to the optional ``url``.</doc>
<msg timestamp="20230502 11:26:01.468" level="INFO">Opening browser 'Chrome' to base url 'http://localhost:3000/'.</msg>
<msg timestamp="20230502 11:26:01.481" level="INFO">Executing: C:\Users\senna\AppData\Local\Programs\Python\Python311\Lib\site-packages\selenium\webdriver\common\windows\selenium-manager.exe --browser chrome --output json</msg>
<status status="PASS" starttime="20230502 11:26:01.467" endtime="20230502 11:26:04.273"/>
</kw>
<status status="PASS" starttime="20230502 11:26:01.466" endtime="20230502 11:26:04.274"/>
</kw>
<kw name="Dado que eu clique no botao criar card" library="cadastro">
<kw name="Click Element" library="SeleniumLibrary">
<arg>${BOTAO_CARD}</arg>
<doc>Click the element identified by ``locator``.</doc>
<msg timestamp="20230502 11:26:04.279" level="INFO">Clicking element 'id:form-botao'.</msg>
<status status="PASS" starttime="20230502 11:26:04.277" endtime="20230502 11:26:04.406"/>
</kw>
<status status="PASS" starttime="20230502 11:26:04.275" endtime="20230502 11:26:04.406"/>
</kw>
<kw name="Então sistema deve apresentar mensagem de campo obrigatório" library="cadastro">
<kw name="Element Should Be Visible" library="SeleniumLibrary">
<arg>id:form-nome-erro</arg>
<doc>Verifies that the element identified by ``locator`` is visible.</doc>
<msg timestamp="20230502 11:26:04.458" level="INFO">Element 'id:form-nome-erro' is displayed.</msg>
<status status="PASS" starttime="20230502 11:26:04.409" endtime="20230502 11:26:04.458"/>
</kw>
<kw name="Element Should Be Visible" library="SeleniumLibrary">
<arg>id:form-cargo-erro</arg>
<doc>Verifies that the element identified by ``locator`` is visible.</doc>
<msg timestamp="20230502 11:26:04.489" level="INFO">Element 'id:form-cargo-erro' is displayed.</msg>
<status status="PASS" starttime="20230502 11:26:04.459" endtime="20230502 11:26:04.489"/>
</kw>
<kw name="Element Should Be Visible" library="SeleniumLibrary">
<arg>id:form-times-erro</arg>
<doc>Verifies that the element identified by ``locator`` is visible.</doc>
<msg timestamp="20230502 11:26:04.527" level="INFO">Element 'id:form-times-erro' is displayed.</msg>
<status status="PASS" starttime="20230502 11:26:04.490" endtime="20230502 11:26:04.528"/>
</kw>
<status status="PASS" starttime="20230502 11:26:04.408" endtime="20230502 11:26:04.528"/>
</kw>
<kw name="Fechar no navegador" library="setup_teardown" type="TEARDOWN">
<kw name="Close Browser" library="SeleniumLibrary">
<doc>Closes the current browser.</doc>
<status status="PASS" starttime="20230502 11:26:04.530" endtime="20230502 11:26:06.780"/>
</kw>
<status status="PASS" starttime="20230502 11:26:04.529" endtime="20230502 11:26:06.781"/>
</kw>
<status status="PASS" starttime="20230502 11:26:01.465" endtime="20230502 11:26:06.783"/>
</test>
<status status="PASS" starttime="20230502 11:26:00.520" endtime="20230502 11:26:06.789"/>
</suite>
<statistics>
<total>
<stat pass="1" fail="0" skip="0">All Tests</stat>
</total>
<tag>
</tag>
<suite>
<stat pass="1" fail="0" skip="0" id="s1" name="Preenchimento Incorreto">Preenchimento Incorreto</stat>
</suite>
</statistics>
<errors>
</errors>
</robot>
