<?xml version="1.0" encoding="UTF-8"?>
<robot generator="Robot 6.0.2 (Python 3.11.3 on win32)" generated="20230502 11:00:55.220" rpa="false" schemaversion="3">
<suite id="s1" name="Preenchimento Correto" source="C:\Users\senna\Documents\Projetos\Robotframework\Robotframework\preenchimento_correto.robot">
<test id="s1-t1" name="Verificar se ao preencher os campos do formulário corretamente os dados são inseridos" line="27">
<kw name="Dado que eu acesse o site do organo" library="setup_teardown" type="SETUP">
<kw name="Open Browser" library="SeleniumLibrary">
<arg>url=http://localhost:3000/</arg>
<arg>browser=Chrome</arg>
<doc>Opens a new browser instance to the optional ``url``.</doc>
<msg timestamp="20230502 11:00:56.023" level="INFO">Opening browser 'Chrome' to base url 'http://localhost:3000/'.</msg>
<msg timestamp="20230502 11:00:56.030" level="INFO">Executing: C:\Users\senna\AppData\Local\Programs\Python\Python311\Lib\site-packages\selenium\webdriver\common\windows\selenium-manager.exe --browser chrome --output json</msg>
<status status="PASS" starttime="20230502 11:00:56.022" endtime="20230502 11:00:58.723"/>
</kw>
<status status="PASS" starttime="20230502 11:00:56.021" endtime="20230502 11:00:58.723"/>
</kw>
<kw name="Dado que eu preencha os campos para a criação de card">
<kw name="First Name" library="FakerLibrary">
<var>${NOME}</var>
<msg timestamp="20230502 11:00:58.725" level="INFO">${NOME} = Ana Sophia</msg>
<status status="PASS" starttime="20230502 11:00:58.724" endtime="20230502 11:00:58.725"/>
</kw>
<kw name="Input Text" library="SeleniumLibrary">
<arg>${CAMPO_NOME}</arg>
<arg>${NOME}</arg>
<doc>Types the given ``text`` into the text field identified by ``locator``.</doc>
<msg timestamp="20230502 11:00:58.727" level="INFO">Typing text 'Ana Sophia' into text field 'id:form-nome'.</msg>
<status status="PASS" starttime="20230502 11:00:58.725" endtime="20230502 11:00:58.859"/>
</kw>
<kw name="Job" library="FakerLibrary">
<var>${CARGO}</var>
<msg timestamp="20230502 11:00:58.860" level="INFO">${CARGO} = Pecuarista</msg>
<status status="PASS" starttime="20230502 11:00:58.859" endtime="20230502 11:00:58.860"/>
</kw>
<kw name="Input Text" library="SeleniumLibrary">
<arg>${CAMPO_CARGO}</arg>
<arg>${CARGO}</arg>
<doc>Types the given ``text`` into the text field identified by ``locator``.</doc>
<msg timestamp="20230502 11:00:58.860" level="INFO">Typing text 'Pecuarista' into text field 'id:form-cargo'.</msg>
<status status="PASS" starttime="20230502 11:00:58.860" endtime="20230502 11:00:58.987"/>
</kw>
<kw name="Image Url" library="FakerLibrary">
<var>${IMAGEM}</var>
<arg>width=100</arg>
<arg>height=100</arg>
<doc>Returns URL to placeholder image
Example: http://placehold.it/640x480</doc>
<msg timestamp="20230502 11:00:58.989" level="INFO">${IMAGEM} = https://dummyimage.com/100x100</msg>
<status status="PASS" starttime="20230502 11:00:58.987" endtime="20230502 11:00:58.989"/>
</kw>
<kw name="Input Text" library="SeleniumLibrary">
<arg>${CAMPO_IMAGEM}</arg>
<arg>${IMAGEM}</arg>
<doc>Types the given ``text`` into the text field identified by ``locator``.</doc>
<msg timestamp="20230502 11:00:58.990" level="INFO">Typing text 'https://dummyimage.com/100x100' into text field 'id:form-imagem'.</msg>
<status status="PASS" starttime="20230502 11:00:58.989" endtime="20230502 11:00:59.156"/>
</kw>
<kw name="Click Element" library="SeleniumLibrary">
<arg>${CAMPO_TIME}</arg>
<doc>Click the element identified by ``locator``.</doc>
<msg timestamp="20230502 11:00:59.157" level="INFO">Clicking element 'class:lista-suspensa'.</msg>
<status status="PASS" starttime="20230502 11:00:59.156" endtime="20230502 11:00:59.306"/>
</kw>
<kw name="Click Element" library="SeleniumLibrary">
<arg>${SELECIONAR_TIMES}[0]</arg>
<doc>Click the element identified by ``locator``.</doc>
<msg timestamp="20230502 11:00:59.307" level="INFO">Clicking element '//option[contains(.,'Programação')]'.</msg>
<status status="PASS" starttime="20230502 11:00:59.307" endtime="20230502 11:00:59.393"/>
</kw>
<status status="PASS" starttime="20230502 11:00:58.724" endtime="20230502 11:00:59.394"/>
</kw>
<kw name="E clique no botão de criar card">
<kw name="Click Element" library="SeleniumLibrary">
<arg>${BOTAO_CARD}</arg>
<doc>Click the element identified by ``locator``.</doc>
<msg timestamp="20230502 11:00:59.397" level="INFO">Clicking element 'id:form-botao'.</msg>
<status status="PASS" starttime="20230502 11:00:59.395" endtime="20230502 11:00:59.477"/>
</kw>
<status status="PASS" starttime="20230502 11:00:59.394" endtime="20230502 11:00:59.477"/>
</kw>
<kw name="Então identificar o card no time esperado">
<kw name="Element Should Be Visible" library="SeleniumLibrary">
<arg>class:colaborador</arg>
<doc>Verifies that the element identified by ``locator`` is visible.</doc>
<msg timestamp="20230502 11:00:59.518" level="INFO">Element 'class:colaborador' is displayed.</msg>
<status status="PASS" starttime="20230502 11:00:59.479" endtime="20230502 11:00:59.518"/>
</kw>
<status status="PASS" starttime="20230502 11:00:59.479" endtime="20230502 11:00:59.518"/>
</kw>
<kw name="Fechar no navegador" library="setup_teardown" type="TEARDOWN">
<kw name="Close Browser" library="SeleniumLibrary">
<doc>Closes the current browser.</doc>
<status status="PASS" starttime="20230502 11:00:59.519" endtime="20230502 11:01:01.878"/>
</kw>
<status status="PASS" starttime="20230502 11:00:59.519" endtime="20230502 11:01:01.879"/>
</kw>
<status status="PASS" starttime="20230502 11:00:56.020" endtime="20230502 11:01:01.880"/>
</test>
<test id="s1-t2" name="Verificar a criação de 3 cards no mesmo time" line="33">
<kw name="Dado que eu acesse o site do organo" library="setup_teardown" type="SETUP">
<kw name="Open Browser" library="SeleniumLibrary">
<arg>url=http://localhost:3000/</arg>
<arg>browser=Chrome</arg>
<doc>Opens a new browser instance to the optional ``url``.</doc>
<msg timestamp="20230502 11:01:01.889" level="INFO">Opening browser 'Chrome' to base url 'http://localhost:3000/'.</msg>
<msg timestamp="20230502 11:01:01.915" level="INFO">Executing: C:\Users\senna\AppData\Local\Programs\Python\Python311\Lib\site-packages\selenium\webdriver\common\windows\selenium-manager.exe --browser chrome --output json</msg>
<status status="PASS" starttime="20230502 11:01:01.887" endtime="20230502 11:01:04.376"/>
</kw>
<status status="PASS" starttime="20230502 11:01:01.886" endtime="20230502 11:01:04.376"/>
</kw>
<kw name="Dado que eu preencha os campos para a criação de card">
<kw name="First Name" library="FakerLibrary">
<var>${NOME}</var>
<msg timestamp="20230502 11:01:04.378" level="INFO">${NOME} = Bryan</msg>
<status status="PASS" starttime="20230502 11:01:04.378" endtime="20230502 11:01:04.378"/>
</kw>
<kw name="Input Text" library="SeleniumLibrary">
<arg>${CAMPO_NOME}</arg>
<arg>${NOME}</arg>
<doc>Types the given ``text`` into the text field identified by ``locator``.</doc>
<msg timestamp="20230502 11:01:04.380" level="INFO">Typing text 'Bryan' into text field 'id:form-nome'.</msg>
<status status="PASS" starttime="20230502 11:01:04.379" endtime="20230502 11:01:04.573"/>
</kw>
<kw name="Job" library="FakerLibrary">
<var>${CARGO}</var>
<msg timestamp="20230502 11:01:04.573" level="INFO">${CARGO} = Psicopedagogo</msg>
<status status="PASS" starttime="20230502 11:01:04.573" endtime="20230502 11:01:04.573"/>
</kw>
<kw name="Input Text" library="SeleniumLibrary">
<arg>${CAMPO_CARGO}</arg>
<arg>${CARGO}</arg>
<doc>Types the given ``text`` into the text field identified by ``locator``.</doc>
<msg timestamp="20230502 11:01:04.574" level="INFO">Typing text 'Psicopedagogo' into text field 'id:form-cargo'.</msg>
<status status="PASS" starttime="20230502 11:01:04.573" endtime="20230502 11:01:04.763"/>
</kw>
<kw name="Image Url" library="FakerLibrary">
<var>${IMAGEM}</var>
<arg>width=100</arg>
<arg>height=100</arg>
<doc>Returns URL to placeholder image
Example: http://placehold.it/640x480</doc>
<msg timestamp="20230502 11:01:04.764" level="INFO">${IMAGEM} = https://picsum.photos/100/100</msg>
<status status="PASS" starttime="20230502 11:01:04.764" endtime="20230502 11:01:04.765"/>
</kw>
<kw name="Input Text" library="SeleniumLibrary">
<arg>${CAMPO_IMAGEM}</arg>
<arg>${IMAGEM}</arg>
<doc>Types the given ``text`` into the text field identified by ``locator``.</doc>
<msg timestamp="20230502 11:01:04.765" level="INFO">Typing text 'https://picsum.photos/100/100' into text field 'id:form-imagem'.</msg>
<status status="PASS" starttime="20230502 11:01:04.765" endtime="20230502 11:01:04.919"/>
</kw>
<kw name="Click Element" library="SeleniumLibrary">
<arg>${CAMPO_TIME}</arg>
<doc>Click the element identified by ``locator``.</doc>
<msg timestamp="20230502 11:01:04.920" level="INFO">Clicking element 'class:lista-suspensa'.</msg>
<status status="PASS" starttime="20230502 11:01:04.920" endtime="20230502 11:01:05.015"/>
</kw>
<kw name="Click Element" library="SeleniumLibrary">
<arg>${SELECIONAR_TIMES}[0]</arg>
<doc>Click the element identified by ``locator``.</doc>
<msg timestamp="20230502 11:01:05.016" level="INFO">Clicking element '//option[contains(.,'Programação')]'.</msg>
<status status="PASS" starttime="20230502 11:01:05.015" endtime="20230502 11:01:05.062"/>
</kw>
<status status="PASS" starttime="20230502 11:01:04.377" endtime="20230502 11:01:05.062"/>
</kw>
<kw name="E clique no botão de criar card">
<kw name="Click Element" library="SeleniumLibrary">
<arg>${BOTAO_CARD}</arg>
<doc>Click the element identified by ``locator``.</doc>
<msg timestamp="20230502 11:01:05.064" level="INFO">Clicking element 'id:form-botao'.</msg>
<status status="PASS" starttime="20230502 11:01:05.063" endtime="20230502 11:01:05.316"/>
</kw>
<status status="PASS" starttime="20230502 11:01:05.063" endtime="20230502 11:01:05.316"/>
</kw>
<kw name="Então identificar os 3 cards criados no mesmo time">
<for flavor="IN RANGE">
<var>${i}</var>
<value>1</value>
<value>3</value>
<iter>
<var name="${i}">1</var>
<kw name="Dado que eu preencha os campos para a criação de card">
<kw name="First Name" library="FakerLibrary">
<var>${NOME}</var>
<msg timestamp="20230502 11:01:05.317" level="INFO">${NOME} = Vitor Hugo</msg>
<status status="PASS" starttime="20230502 11:01:05.317" endtime="20230502 11:01:05.317"/>
</kw>
<kw name="Input Text" library="SeleniumLibrary">
<arg>${CAMPO_NOME}</arg>
<arg>${NOME}</arg>
<doc>Types the given ``text`` into the text field identified by ``locator``.</doc>
<msg timestamp="20230502 11:01:05.318" level="INFO">Typing text 'Vitor Hugo' into text field 'id:form-nome'.</msg>
<status status="PASS" starttime="20230502 11:01:05.317" endtime="20230502 11:01:05.411"/>
</kw>
<kw name="Job" library="FakerLibrary">
<var>${CARGO}</var>
<msg timestamp="20230502 11:01:05.411" level="INFO">${CARGO} = Ceramista</msg>
<status status="PASS" starttime="20230502 11:01:05.411" endtime="20230502 11:01:05.411"/>
</kw>
<kw name="Input Text" library="SeleniumLibrary">
<arg>${CAMPO_CARGO}</arg>
<arg>${CARGO}</arg>
<doc>Types the given ``text`` into the text field identified by ``locator``.</doc>
<msg timestamp="20230502 11:01:05.413" level="INFO">Typing text 'Ceramista' into text field 'id:form-cargo'.</msg>
<status status="PASS" starttime="20230502 11:01:05.411" endtime="20230502 11:01:05.512"/>
</kw>
<kw name="Image Url" library="FakerLibrary">
<var>${IMAGEM}</var>
<arg>width=100</arg>
<arg>height=100</arg>
<doc>Returns URL to placeholder image
Example: http://placehold.it/640x480</doc>
<msg timestamp="20230502 11:01:05.513" level="INFO">${IMAGEM} = https://picsum.photos/100/100</msg>
<status status="PASS" starttime="20230502 11:01:05.512" endtime="20230502 11:01:05.513"/>
</kw>
<kw name="Input Text" library="SeleniumLibrary">
<arg>${CAMPO_IMAGEM}</arg>
<arg>${IMAGEM}</arg>
<doc>Types the given ``text`` into the text field identified by ``locator``.</doc>
<msg timestamp="20230502 11:01:05.514" level="INFO">Typing text 'https://picsum.photos/100/100' into text field 'id:form-imagem'.</msg>
<status status="PASS" starttime="20230502 11:01:05.513" endtime="20230502 11:01:05.641"/>
</kw>
<kw name="Click Element" library="SeleniumLibrary">
<arg>${CAMPO_TIME}</arg>
<doc>Click the element identified by ``locator``.</doc>
<msg timestamp="20230502 11:01:05.642" level="INFO">Clicking element 'class:lista-suspensa'.</msg>
<status status="PASS" starttime="20230502 11:01:05.641" endtime="20230502 11:01:05.716"/>
</kw>
<kw name="Click Element" library="SeleniumLibrary">
<arg>${SELECIONAR_TIMES}[0]</arg>
<doc>Click the element identified by ``locator``.</doc>
<msg timestamp="20230502 11:01:05.717" level="INFO">Clicking element '//option[contains(.,'Programação')]'.</msg>
<status status="PASS" starttime="20230502 11:01:05.717" endtime="20230502 11:01:05.758"/>
</kw>
<status status="PASS" starttime="20230502 11:01:05.317" endtime="20230502 11:01:05.758"/>
</kw>
<kw name="E clique no botão de criar card">
<kw name="Click Element" library="SeleniumLibrary">
<arg>${BOTAO_CARD}</arg>
<doc>Click the element identified by ``locator``.</doc>
<msg timestamp="20230502 11:01:05.760" level="INFO">Clicking element 'id:form-botao'.</msg>
<status status="PASS" starttime="20230502 11:01:05.759" endtime="20230502 11:01:05.813"/>
</kw>
<status status="PASS" starttime="20230502 11:01:05.758" endtime="20230502 11:01:05.813"/>
</kw>
<status status="PASS" starttime="20230502 11:01:05.317" endtime="20230502 11:01:05.813"/>
</iter>
<iter>
<var name="${i}">2</var>
<kw name="Dado que eu preencha os campos para a criação de card">
<kw name="First Name" library="FakerLibrary">
<var>${NOME}</var>
<msg timestamp="20230502 11:01:05.815" level="INFO">${NOME} = Alana</msg>
<status status="PASS" starttime="20230502 11:01:05.815" endtime="20230502 11:01:05.815"/>
</kw>
<kw name="Input Text" library="SeleniumLibrary">
<arg>${CAMPO_NOME}</arg>
<arg>${NOME}</arg>
<doc>Types the given ``text`` into the text field identified by ``locator``.</doc>
<msg timestamp="20230502 11:01:05.816" level="INFO">Typing text 'Alana' into text field 'id:form-nome'.</msg>
<status status="PASS" starttime="20230502 11:01:05.816" endtime="20230502 11:01:05.887"/>
</kw>
<kw name="Job" library="FakerLibrary">
<var>${CARGO}</var>
<msg timestamp="20230502 11:01:05.888" level="INFO">${CARGO} = Chaveiro</msg>
<status status="PASS" starttime="20230502 11:01:05.888" endtime="20230502 11:01:05.888"/>
</kw>
<kw name="Input Text" library="SeleniumLibrary">
<arg>${CAMPO_CARGO}</arg>
<arg>${CARGO}</arg>
<doc>Types the given ``text`` into the text field identified by ``locator``.</doc>
<msg timestamp="20230502 11:01:05.889" level="INFO">Typing text 'Chaveiro' into text field 'id:form-cargo'.</msg>
<status status="PASS" starttime="20230502 11:01:05.888" endtime="20230502 11:01:05.977"/>
</kw>
<kw name="Image Url" library="FakerLibrary">
<var>${IMAGEM}</var>
<arg>width=100</arg>
<arg>height=100</arg>
<doc>Returns URL to placeholder image
Example: http://placehold.it/640x480</doc>
<msg timestamp="20230502 11:01:05.978" level="INFO">${IMAGEM} = https://dummyimage.com/100x100</msg>
<status status="PASS" starttime="20230502 11:01:05.977" endtime="20230502 11:01:05.978"/>
</kw>
<kw name="Input Text" library="SeleniumLibrary">
<arg>${CAMPO_IMAGEM}</arg>
<arg>${IMAGEM}</arg>
<doc>Types the given ``text`` into the text field identified by ``locator``.</doc>
<msg timestamp="20230502 11:01:05.980" level="INFO">Typing text 'https://dummyimage.com/100x100' into text field 'id:form-imagem'.</msg>
<status status="PASS" starttime="20230502 11:01:05.978" endtime="20230502 11:01:06.102"/>
</kw>
<kw name="Click Element" library="SeleniumLibrary">
<arg>${CAMPO_TIME}</arg>
<doc>Click the element identified by ``locator``.</doc>
<msg timestamp="20230502 11:01:06.103" level="INFO">Clicking element 'class:lista-suspensa'.</msg>
<status status="PASS" starttime="20230502 11:01:06.103" endtime="20230502 11:01:06.172"/>
</kw>
<kw name="Click Element" library="SeleniumLibrary">
<arg>${SELECIONAR_TIMES}[0]</arg>
<doc>Click the element identified by ``locator``.</doc>
<msg timestamp="20230502 11:01:06.172" level="INFO">Clicking element '//option[contains(.,'Programação')]'.</msg>
<status status="PASS" starttime="20230502 11:01:06.172" endtime="20230502 11:01:06.213"/>
</kw>
<status status="PASS" starttime="20230502 11:01:05.815" endtime="20230502 11:01:06.213"/>
</kw>
<kw name="E clique no botão de criar card">
<kw name="Click Element" library="SeleniumLibrary">
<arg>${BOTAO_CARD}</arg>
<doc>Click the element identified by ``locator``.</doc>
<msg timestamp="20230502 11:01:06.214" level="INFO">Clicking element 'id:form-botao'.</msg>
<status status="PASS" starttime="20230502 11:01:06.214" endtime="20230502 11:01:06.263"/>
</kw>
<status status="PASS" starttime="20230502 11:01:06.213" endtime="20230502 11:01:06.264"/>
</kw>
<status status="PASS" starttime="20230502 11:01:05.815" endtime="20230502 11:01:06.264"/>
</iter>
<status status="PASS" starttime="20230502 11:01:05.316" endtime="20230502 11:01:06.264"/>
</for>
<status status="PASS" starttime="20230502 11:01:05.316" endtime="20230502 11:01:06.264"/>
</kw>
<kw name="Fechar no navegador" library="setup_teardown" type="TEARDOWN">
<kw name="Close Browser" library="SeleniumLibrary">
<doc>Closes the current browser.</doc>
<status status="PASS" starttime="20230502 11:01:06.265" endtime="20230502 11:01:08.425"/>
</kw>
<status status="PASS" starttime="20230502 11:01:06.265" endtime="20230502 11:01:08.426"/>
</kw>
<status status="PASS" starttime="20230502 11:01:01.884" endtime="20230502 11:01:08.427"/>
</test>
<test id="s1-t3" name="Verificar se é possível criar um card para cada time disponível preenchento o formulário corretamente" line="38">
<kw name="Dado que eu acesse o site do organo" library="setup_teardown" type="SETUP">
<kw name="Open Browser" library="SeleniumLibrary">
<arg>url=http://localhost:3000/</arg>
<arg>browser=Chrome</arg>
<doc>Opens a new browser instance to the optional ``url``.</doc>
<msg timestamp="20230502 11:01:08.437" level="INFO">Opening browser 'Chrome' to base url 'http://localhost:3000/'.</msg>
<msg timestamp="20230502 11:01:08.462" level="INFO">Executing: C:\Users\senna\AppData\Local\Programs\Python\Python311\Lib\site-packages\selenium\webdriver\common\windows\selenium-manager.exe --browser chrome --output json</msg>
<status status="PASS" starttime="20230502 11:01:08.436" endtime="20230502 11:01:10.854"/>
</kw>
<status status="PASS" starttime="20230502 11:01:08.435" endtime="20230502 11:01:10.854"/>
</kw>
<kw name="Dado que eu preencha os campos para a criação de card">
<kw name="First Name" library="FakerLibrary">
<var>${NOME}</var>
<msg timestamp="20230502 11:01:10.854" level="INFO">${NOME} = Thiago</msg>
<status status="PASS" starttime="20230502 11:01:10.854" endtime="20230502 11:01:10.854"/>
</kw>
<kw name="Input Text" library="SeleniumLibrary">
<arg>${CAMPO_NOME}</arg>
<arg>${NOME}</arg>
<doc>Types the given ``text`` into the text field identified by ``locator``.</doc>
<msg timestamp="20230502 11:01:10.855" level="INFO">Typing text 'Thiago' into text field 'id:form-nome'.</msg>
<status status="PASS" starttime="20230502 11:01:10.855" endtime="20230502 11:01:10.995"/>
</kw>
<kw name="Job" library="FakerLibrary">
<var>${CARGO}</var>
<msg timestamp="20230502 11:01:10.996" level="INFO">${CARGO} = Trilheiro ou músico de cinema</msg>
<status status="PASS" starttime="20230502 11:01:10.995" endtime="20230502 11:01:10.996"/>
</kw>
<kw name="Input Text" library="SeleniumLibrary">
<arg>${CAMPO_CARGO}</arg>
<arg>${CARGO}</arg>
<doc>Types the given ``text`` into the text field identified by ``locator``.</doc>
<msg timestamp="20230502 11:01:10.996" level="INFO">Typing text 'Trilheiro ou músico de cinema' into text field 'id:form-cargo'.</msg>
<status status="PASS" starttime="20230502 11:01:10.996" endtime="20230502 11:01:11.180"/>
</kw>
<kw name="Image Url" library="FakerLibrary">
<var>${IMAGEM}</var>
<arg>width=100</arg>
<arg>height=100</arg>
<doc>Returns URL to placeholder image
Example: http://placehold.it/640x480</doc>
<msg timestamp="20230502 11:01:11.181" level="INFO">${IMAGEM} = https://placekitten.com/100/100</msg>
<status status="PASS" starttime="20230502 11:01:11.181" endtime="20230502 11:01:11.182"/>
</kw>
<kw name="Input Text" library="SeleniumLibrary">
<arg>${CAMPO_IMAGEM}</arg>
<arg>${IMAGEM}</arg>
<doc>Types the given ``text`` into the text field identified by ``locator``.</doc>
<msg timestamp="20230502 11:01:11.182" level="INFO">Typing text 'https://placekitten.com/100/100' into text field 'id:form-imagem'.</msg>
<status status="PASS" starttime="20230502 11:01:11.182" endtime="20230502 11:01:11.328"/>
</kw>
<kw name="Click Element" library="SeleniumLibrary">
<arg>${CAMPO_TIME}</arg>
<doc>Click the element identified by ``locator``.</doc>
<msg timestamp="20230502 11:01:11.329" level="INFO">Clicking element 'class:lista-suspensa'.</msg>
<status status="PASS" starttime="20230502 11:01:11.329" endtime="20230502 11:01:11.422"/>
</kw>
<kw name="Click Element" library="SeleniumLibrary">
<arg>${SELECIONAR_TIMES}[0]</arg>
<doc>Click the element identified by ``locator``.</doc>
<msg timestamp="20230502 11:01:11.424" level="INFO">Clicking element '//option[contains(.,'Programação')]'.</msg>
<status status="PASS" starttime="20230502 11:01:11.424" endtime="20230502 11:01:11.475"/>
</kw>
<status status="PASS" starttime="20230502 11:01:10.854" endtime="20230502 11:01:11.475"/>
</kw>
<kw name="Então identificar o card no time disponível">
<for flavor="IN ENUMERATE">
<var>${index}</var>
<var>${TIME}</var>
<value>@{SELECIONAR_TIMES}</value>
<iter>
<var name="${index}">0</var>
<var name="${TIME}">//option[contains(.,'Programação')]</var>
<kw name="Dado que eu preencha os campos para a criação de card">
<kw name="First Name" library="FakerLibrary">
<var>${NOME}</var>
<msg timestamp="20230502 11:01:11.478" level="INFO">${NOME} = Mirella</msg>
<status status="PASS" starttime="20230502 11:01:11.478" endtime="20230502 11:01:11.478"/>
</kw>
<kw name="Input Text" library="SeleniumLibrary">
<arg>${CAMPO_NOME}</arg>
<arg>${NOME}</arg>
<doc>Types the given ``text`` into the text field identified by ``locator``.</doc>
<msg timestamp="20230502 11:01:11.479" level="INFO">Typing text 'Mirella' into text field 'id:form-nome'.</msg>
<status status="PASS" starttime="20230502 11:01:11.478" endtime="20230502 11:01:11.577"/>
</kw>
<kw name="Job" library="FakerLibrary">
<var>${CARGO}</var>
<msg timestamp="20230502 11:01:11.578" level="INFO">${CARGO} = Diarista</msg>
<status status="PASS" starttime="20230502 11:01:11.578" endtime="20230502 11:01:11.578"/>
</kw>
<kw name="Input Text" library="SeleniumLibrary">
<arg>${CAMPO_CARGO}</arg>
<arg>${CARGO}</arg>
<doc>Types the given ``text`` into the text field identified by ``locator``.</doc>
<msg timestamp="20230502 11:01:11.578" level="INFO">Typing text 'Diarista' into text field 'id:form-cargo'.</msg>
<status status="PASS" starttime="20230502 11:01:11.578" endtime="20230502 11:01:11.665"/>
</kw>
<kw name="Image Url" library="FakerLibrary">
<var>${IMAGEM}</var>
<arg>width=100</arg>
<arg>height=100</arg>
<doc>Returns URL to placeholder image
Example: http://placehold.it/640x480</doc>
<msg timestamp="20230502 11:01:11.667" level="INFO">${IMAGEM} = https://dummyimage.com/100x100</msg>
<status status="PASS" starttime="20230502 11:01:11.666" endtime="20230502 11:01:11.667"/>
</kw>
<kw name="Input Text" library="SeleniumLibrary">
<arg>${CAMPO_IMAGEM}</arg>
<arg>${IMAGEM}</arg>
<doc>Types the given ``text`` into the text field identified by ``locator``.</doc>
<msg timestamp="20230502 11:01:11.667" level="INFO">Typing text 'https://dummyimage.com/100x100' into text field 'id:form-imagem'.</msg>
<status status="PASS" starttime="20230502 11:01:11.667" endtime="20230502 11:01:11.790"/>
</kw>
<kw name="Click Element" library="SeleniumLibrary">
<arg>${CAMPO_TIME}</arg>
<doc>Click the element identified by ``locator``.</doc>
<msg timestamp="20230502 11:01:11.790" level="INFO">Clicking element 'class:lista-suspensa'.</msg>
<status status="PASS" starttime="20230502 11:01:11.790" endtime="20230502 11:01:11.864"/>
</kw>
<kw name="Click Element" library="SeleniumLibrary">
<arg>${SELECIONAR_TIMES}[0]</arg>
<doc>Click the element identified by ``locator``.</doc>
<msg timestamp="20230502 11:01:11.865" level="INFO">Clicking element '//option[contains(.,'Programação')]'.</msg>
<status status="PASS" starttime="20230502 11:01:11.864" endtime="20230502 11:01:11.899"/>
</kw>
<status status="PASS" starttime="20230502 11:01:11.476" endtime="20230502 11:01:11.899"/>
</kw>
<kw name="Click Element" library="SeleniumLibrary">
<arg>${TIME}</arg>
<doc>Click the element identified by ``locator``.</doc>
<msg timestamp="20230502 11:01:11.900" level="INFO">Clicking element '//option[contains(.,'Programação')]'.</msg>
<status status="PASS" starttime="20230502 11:01:11.899" endtime="20230502 11:01:11.923"/>
</kw>
<kw name="E clique no botão de criar card">
<kw name="Click Element" library="SeleniumLibrary">
<arg>${BOTAO_CARD}</arg>
<doc>Click the element identified by ``locator``.</doc>
<msg timestamp="20230502 11:01:11.924" level="INFO">Clicking element 'id:form-botao'.</msg>
<status status="PASS" starttime="20230502 11:01:11.923" endtime="20230502 11:01:12.015"/>
</kw>
<status status="PASS" starttime="20230502 11:01:11.923" endtime="20230502 11:01:12.015"/>
</kw>
<status status="PASS" starttime="20230502 11:01:11.476" endtime="20230502 11:01:12.015"/>
</iter>
<iter>
<var name="${index}">1</var>
<var name="${TIME}">//option[contains(.,'Front-End')]</var>
<kw name="Dado que eu preencha os campos para a criação de card">
<kw name="First Name" library="FakerLibrary">
<var>${NOME}</var>
<msg timestamp="20230502 11:01:12.016" level="INFO">${NOME} = Catarina</msg>
<status status="PASS" starttime="20230502 11:01:12.016" endtime="20230502 11:01:12.016"/>
</kw>
<kw name="Input Text" library="SeleniumLibrary">
<arg>${CAMPO_NOME}</arg>
<arg>${NOME}</arg>
<doc>Types the given ``text`` into the text field identified by ``locator``.</doc>
<msg timestamp="20230502 11:01:12.016" level="INFO">Typing text 'Catarina' into text field 'id:form-nome'.</msg>
<status status="PASS" starttime="20230502 11:01:12.016" endtime="20230502 11:01:12.096"/>
</kw>
<kw name="Job" library="FakerLibrary">
<var>${CARGO}</var>
<msg timestamp="20230502 11:01:12.097" level="INFO">${CARGO} = Atendente</msg>
<status status="PASS" starttime="20230502 11:01:12.097" endtime="20230502 11:01:12.097"/>
</kw>
<kw name="Input Text" library="SeleniumLibrary">
<arg>${CAMPO_CARGO}</arg>
<arg>${CARGO}</arg>
<doc>Types the given ``text`` into the text field identified by ``locator``.</doc>
<msg timestamp="20230502 11:01:12.098" level="INFO">Typing text 'Atendente' into text field 'id:form-cargo'.</msg>
<status status="PASS" starttime="20230502 11:01:12.097" endtime="20230502 11:01:12.177"/>
</kw>
<kw name="Image Url" library="FakerLibrary">
<var>${IMAGEM}</var>
<arg>width=100</arg>
<arg>height=100</arg>
<doc>Returns URL to placeholder image
Example: http://placehold.it/640x480</doc>
<msg timestamp="20230502 11:01:12.179" level="INFO">${IMAGEM} = https://placekitten.com/100/100</msg>
<status status="PASS" starttime="20230502 11:01:12.177" endtime="20230502 11:01:12.179"/>
</kw>
<kw name="Input Text" library="SeleniumLibrary">
<arg>${CAMPO_IMAGEM}</arg>
<arg>${IMAGEM}</arg>
<doc>Types the given ``text`` into the text field identified by ``locator``.</doc>
<msg timestamp="20230502 11:01:12.180" level="INFO">Typing text 'https://placekitten.com/100/100' into text field 'id:form-imagem'.</msg>
<status status="PASS" starttime="20230502 11:01:12.179" endtime="20230502 11:01:12.330"/>
</kw>
<kw name="Click Element" library="SeleniumLibrary">
<arg>${CAMPO_TIME}</arg>
<doc>Click the element identified by ``locator``.</doc>
<msg timestamp="20230502 11:01:12.331" level="INFO">Clicking element 'class:lista-suspensa'.</msg>
<status status="PASS" starttime="20230502 11:01:12.331" endtime="20230502 11:01:12.403"/>
</kw>
<kw name="Click Element" library="SeleniumLibrary">
<arg>${SELECIONAR_TIMES}[0]</arg>
<doc>Click the element identified by ``locator``.</doc>
<msg timestamp="20230502 11:01:12.404" level="INFO">Clicking element '//option[contains(.,'Programação')]'.</msg>
<status status="PASS" starttime="20230502 11:01:12.404" endtime="20230502 11:01:12.446"/>
</kw>
<status status="PASS" starttime="20230502 11:01:12.015" endtime="20230502 11:01:12.446"/>
</kw>
<kw name="Click Element" library="SeleniumLibrary">
<arg>${TIME}</arg>
<doc>Click the element identified by ``locator``.</doc>
<msg timestamp="20230502 11:01:12.447" level="INFO">Clicking element '//option[contains(.,'Front-End')]'.</msg>
<status status="PASS" starttime="20230502 11:01:12.446" endtime="20230502 11:01:12.487"/>
</kw>
<kw name="E clique no botão de criar card">
<kw name="Click Element" library="SeleniumLibrary">
<arg>${BOTAO_CARD}</arg>
<doc>Click the element identified by ``locator``.</doc>
<msg timestamp="20230502 11:01:12.488" level="INFO">Clicking element 'id:form-botao'.</msg>
<status status="PASS" starttime="20230502 11:01:12.488" endtime="20230502 11:01:12.543"/>
</kw>
<status status="PASS" starttime="20230502 11:01:12.488" endtime="20230502 11:01:12.543"/>
</kw>
<status status="PASS" starttime="20230502 11:01:12.015" endtime="20230502 11:01:12.543"/>
</iter>
<iter>
<var name="${index}">2</var>
<var name="${TIME}">//option[contains(.,'Data Science')]</var>
<kw name="Dado que eu preencha os campos para a criação de card">
<kw name="First Name" library="FakerLibrary">
<var>${NOME}</var>
<msg timestamp="20230502 11:01:12.544" level="INFO">${NOME} = Isabella</msg>
<status status="PASS" starttime="20230502 11:01:12.544" endtime="20230502 11:01:12.544"/>
</kw>
<kw name="Input Text" library="SeleniumLibrary">
<arg>${CAMPO_NOME}</arg>
<arg>${NOME}</arg>
<doc>Types the given ``text`` into the text field identified by ``locator``.</doc>
<msg timestamp="20230502 11:01:12.545" level="INFO">Typing text 'Isabella' into text field 'id:form-nome'.</msg>
<status status="PASS" starttime="20230502 11:01:12.544" endtime="20230502 11:01:12.658"/>
</kw>
<kw name="Job" library="FakerLibrary">
<var>${CARGO}</var>
<msg timestamp="20230502 11:01:12.659" level="INFO">${CARGO} = Pára-quedista</msg>
<status status="PASS" starttime="20230502 11:01:12.659" endtime="20230502 11:01:12.659"/>
</kw>
<kw name="Input Text" library="SeleniumLibrary">
<arg>${CAMPO_CARGO}</arg>
<arg>${CARGO}</arg>
<doc>Types the given ``text`` into the text field identified by ``locator``.</doc>
<msg timestamp="20230502 11:01:12.660" level="INFO">Typing text 'Pára-quedista' into text field 'id:form-cargo'.</msg>
<status status="PASS" starttime="20230502 11:01:12.659" endtime="20230502 11:01:12.800"/>
</kw>
<kw name="Image Url" library="FakerLibrary">
<var>${IMAGEM}</var>
<arg>width=100</arg>
<arg>height=100</arg>
<doc>Returns URL to placeholder image
Example: http://placehold.it/640x480</doc>
<msg timestamp="20230502 11:01:12.800" level="INFO">${IMAGEM} = https://picsum.photos/100/100</msg>
<status status="PASS" starttime="20230502 11:01:12.800" endtime="20230502 11:01:12.801"/>
</kw>
<kw name="Input Text" library="SeleniumLibrary">
<arg>${CAMPO_IMAGEM}</arg>
<arg>${IMAGEM}</arg>
<doc>Types the given ``text`` into the text field identified by ``locator``.</doc>
<msg timestamp="20230502 11:01:12.801" level="INFO">Typing text 'https://picsum.photos/100/100' into text field 'id:form-imagem'.</msg>
<status status="PASS" starttime="20230502 11:01:12.801" endtime="20230502 11:01:12.919"/>
</kw>
<kw name="Click Element" library="SeleniumLibrary">
<arg>${CAMPO_TIME}</arg>
<doc>Click the element identified by ``locator``.</doc>
<msg timestamp="20230502 11:01:12.920" level="INFO">Clicking element 'class:lista-suspensa'.</msg>
<status status="PASS" starttime="20230502 11:01:12.920" endtime="20230502 11:01:12.985"/>
</kw>
<kw name="Click Element" library="SeleniumLibrary">
<arg>${SELECIONAR_TIMES}[0]</arg>
<doc>Click the element identified by ``locator``.</doc>
<msg timestamp="20230502 11:01:12.986" level="INFO">Clicking element '//option[contains(.,'Programação')]'.</msg>
<status status="PASS" starttime="20230502 11:01:12.985" endtime="20230502 11:01:13.023"/>
</kw>
<status status="PASS" starttime="20230502 11:01:12.544" endtime="20230502 11:01:13.023"/>
</kw>
<kw name="Click Element" library="SeleniumLibrary">
<arg>${TIME}</arg>
<doc>Click the element identified by ``locator``.</doc>
<msg timestamp="20230502 11:01:13.024" level="INFO">Clicking element '//option[contains(.,'Data Science')]'.</msg>
<status status="PASS" starttime="20230502 11:01:13.023" endtime="20230502 11:01:13.064"/>
</kw>
<kw name="E clique no botão de criar card">
<kw name="Click Element" library="SeleniumLibrary">
<arg>${BOTAO_CARD}</arg>
<doc>Click the element identified by ``locator``.</doc>
<msg timestamp="20230502 11:01:13.065" level="INFO">Clicking element 'id:form-botao'.</msg>
<status status="PASS" starttime="20230502 11:01:13.065" endtime="20230502 11:01:13.117"/>
</kw>
<status status="PASS" starttime="20230502 11:01:13.065" endtime="20230502 11:01:13.117"/>
</kw>
<status status="PASS" starttime="20230502 11:01:12.544" endtime="20230502 11:01:13.117"/>
</iter>
<iter>
<var name="${index}">3</var>
<var name="${TIME}">//option[contains(.,'Devops')]</var>
<kw name="Dado que eu preencha os campos para a criação de card">
<kw name="First Name" library="FakerLibrary">
<var>${NOME}</var>
<msg timestamp="20230502 11:01:13.118" level="INFO">${NOME} = Alexia</msg>
<status status="PASS" starttime="20230502 11:01:13.118" endtime="20230502 11:01:13.118"/>
</kw>
<kw name="Input Text" library="SeleniumLibrary">
<arg>${CAMPO_NOME}</arg>
<arg>${NOME}</arg>
<doc>Types the given ``text`` into the text field identified by ``locator``.</doc>
<msg timestamp="20230502 11:01:13.118" level="INFO">Typing text 'Alexia' into text field 'id:form-nome'.</msg>
<status status="PASS" starttime="20230502 11:01:13.118" endtime="20230502 11:01:13.191"/>
</kw>
<kw name="Job" library="FakerLibrary">
<var>${CARGO}</var>
<msg timestamp="20230502 11:01:13.192" level="INFO">${CARGO} = Ginecologista</msg>
<status status="PASS" starttime="20230502 11:01:13.192" endtime="20230502 11:01:13.192"/>
</kw>
<kw name="Input Text" library="SeleniumLibrary">
<arg>${CAMPO_CARGO}</arg>
<arg>${CARGO}</arg>
<doc>Types the given ``text`` into the text field identified by ``locator``.</doc>
<msg timestamp="20230502 11:01:13.192" level="INFO">Typing text 'Ginecologista' into text field 'id:form-cargo'.</msg>
<status status="PASS" starttime="20230502 11:01:13.192" endtime="20230502 11:01:13.276"/>
</kw>
<kw name="Image Url" library="FakerLibrary">
<var>${IMAGEM}</var>
<arg>width=100</arg>
<arg>height=100</arg>
<doc>Returns URL to placeholder image
Example: http://placehold.it/640x480</doc>
<msg timestamp="20230502 11:01:13.277" level="INFO">${IMAGEM} = https://placekitten.com/100/100</msg>
<status status="PASS" starttime="20230502 11:01:13.276" endtime="20230502 11:01:13.277"/>
</kw>
<kw name="Input Text" library="SeleniumLibrary">
<arg>${CAMPO_IMAGEM}</arg>
<arg>${IMAGEM}</arg>
<doc>Types the given ``text`` into the text field identified by ``locator``.</doc>
<msg timestamp="20230502 11:01:13.277" level="INFO">Typing text 'https://placekitten.com/100/100' into text field 'id:form-imagem'.</msg>
<status status="PASS" starttime="20230502 11:01:13.277" endtime="20230502 11:01:13.384"/>
</kw>
<kw name="Click Element" library="SeleniumLibrary">
<arg>${CAMPO_TIME}</arg>
<doc>Click the element identified by ``locator``.</doc>
<msg timestamp="20230502 11:01:13.384" level="INFO">Clicking element 'class:lista-suspensa'.</msg>
<status status="PASS" starttime="20230502 11:01:13.384" endtime="20230502 11:01:13.443"/>
</kw>
<kw name="Click Element" library="SeleniumLibrary">
<arg>${SELECIONAR_TIMES}[0]</arg>
<doc>Click the element identified by ``locator``.</doc>
<msg timestamp="20230502 11:01:13.444" level="INFO">Clicking element '//option[contains(.,'Programação')]'.</msg>
<status status="PASS" starttime="20230502 11:01:13.443" endtime="20230502 11:01:13.490"/>
</kw>
<status status="PASS" starttime="20230502 11:01:13.117" endtime="20230502 11:01:13.490"/>
</kw>
<kw name="Click Element" library="SeleniumLibrary">
<arg>${TIME}</arg>
<doc>Click the element identified by ``locator``.</doc>
<msg timestamp="20230502 11:01:13.492" level="INFO">Clicking element '//option[contains(.,'Devops')]'.</msg>
<status status="PASS" starttime="20230502 11:01:13.490" endtime="20230502 11:01:13.527"/>
</kw>
<kw name="E clique no botão de criar card">
<kw name="Click Element" library="SeleniumLibrary">
<arg>${BOTAO_CARD}</arg>
<doc>Click the element identified by ``locator``.</doc>
<msg timestamp="20230502 11:01:13.529" level="INFO">Clicking element 'id:form-botao'.</msg>
<status status="PASS" starttime="20230502 11:01:13.527" endtime="20230502 11:01:13.574"/>
</kw>
<status status="PASS" starttime="20230502 11:01:13.527" endtime="20230502 11:01:13.574"/>
</kw>
<status status="PASS" starttime="20230502 11:01:13.117" endtime="20230502 11:01:13.574"/>
</iter>
<iter>
<var name="${index}">4</var>
<var name="${TIME}">//option[contains(.,'UX e Design')]</var>
<kw name="Dado que eu preencha os campos para a criação de card">
<kw name="First Name" library="FakerLibrary">
<var>${NOME}</var>
<msg timestamp="20230502 11:01:13.576" level="INFO">${NOME} = Eduardo</msg>
<status status="PASS" starttime="20230502 11:01:13.576" endtime="20230502 11:01:13.576"/>
</kw>
<kw name="Input Text" library="SeleniumLibrary">
<arg>${CAMPO_NOME}</arg>
<arg>${NOME}</arg>
<doc>Types the given ``text`` into the text field identified by ``locator``.</doc>
<msg timestamp="20230502 11:01:13.576" level="INFO">Typing text 'Eduardo' into text field 'id:form-nome'.</msg>
<status status="PASS" starttime="20230502 11:01:13.576" endtime="20230502 11:01:13.653"/>
</kw>
<kw name="Job" library="FakerLibrary">
<var>${CARGO}</var>
<msg timestamp="20230502 11:01:13.654" level="INFO">${CARGO} = Procurador de justiça</msg>
<status status="PASS" starttime="20230502 11:01:13.654" endtime="20230502 11:01:13.654"/>
</kw>
<kw name="Input Text" library="SeleniumLibrary">
<arg>${CAMPO_CARGO}</arg>
<arg>${CARGO}</arg>
<doc>Types the given ``text`` into the text field identified by ``locator``.</doc>
<msg timestamp="20230502 11:01:13.656" level="INFO">Typing text 'Procurador de justiça' into text field 'id:form-cargo'.</msg>
<status status="PASS" starttime="20230502 11:01:13.654" endtime="20230502 11:01:13.750"/>
</kw>
<kw name="Image Url" library="FakerLibrary">
<var>${IMAGEM}</var>
<arg>width=100</arg>
<arg>height=100</arg>
<doc>Returns URL to placeholder image
Example: http://placehold.it/640x480</doc>
<msg timestamp="20230502 11:01:13.751" level="INFO">${IMAGEM} = https://placekitten.com/100/100</msg>
<status status="PASS" starttime="20230502 11:01:13.750" endtime="20230502 11:01:13.751"/>
</kw>
<kw name="Input Text" library="SeleniumLibrary">
<arg>${CAMPO_IMAGEM}</arg>
<arg>${IMAGEM}</arg>
<doc>Types the given ``text`` into the text field identified by ``locator``.</doc>
<msg timestamp="20230502 11:01:13.752" level="INFO">Typing text 'https://placekitten.com/100/100' into text field 'id:form-imagem'.</msg>
<status status="PASS" starttime="20230502 11:01:13.751" endtime="20230502 11:01:13.908"/>
</kw>
<kw name="Click Element" library="SeleniumLibrary">
<arg>${CAMPO_TIME}</arg>
<doc>Click the element identified by ``locator``.</doc>
<msg timestamp="20230502 11:01:13.908" level="INFO">Clicking element 'class:lista-suspensa'.</msg>
<status status="PASS" starttime="20230502 11:01:13.908" endtime="20230502 11:01:13.998"/>
</kw>
<kw name="Click Element" library="SeleniumLibrary">
<arg>${SELECIONAR_TIMES}[0]</arg>
<doc>Click the element identified by ``locator``.</doc>
<msg timestamp="20230502 11:01:13.998" level="INFO">Clicking element '//option[contains(.,'Programação')]'.</msg>
<status status="PASS" starttime="20230502 11:01:13.998" endtime="20230502 11:01:14.041"/>
</kw>
<status status="PASS" starttime="20230502 11:01:13.574" endtime="20230502 11:01:14.041"/>
</kw>
<kw name="Click Element" library="SeleniumLibrary">
<arg>${TIME}</arg>
<doc>Click the element identified by ``locator``.</doc>
<msg timestamp="20230502 11:01:14.042" level="INFO">Clicking element '//option[contains(.,'UX e Design')]'.</msg>
<status status="PASS" starttime="20230502 11:01:14.041" endtime="20230502 11:01:14.080"/>
</kw>
<kw name="E clique no botão de criar card">
<kw name="Click Element" library="SeleniumLibrary">
<arg>${BOTAO_CARD}</arg>
<doc>Click the element identified by ``locator``.</doc>
<msg timestamp="20230502 11:01:14.082" level="INFO">Clicking element 'id:form-botao'.</msg>
<status status="PASS" starttime="20230502 11:01:14.080" endtime="20230502 11:01:14.135"/>
</kw>
<status status="PASS" starttime="20230502 11:01:14.080" endtime="20230502 11:01:14.135"/>
</kw>
<status status="PASS" starttime="20230502 11:01:13.574" endtime="20230502 11:01:14.135"/>
</iter>
<iter>
<var name="${index}">5</var>
<var name="${TIME}">//option[contains(.,'Mobile')]</var>
<kw name="Dado que eu preencha os campos para a criação de card">
<kw name="First Name" library="FakerLibrary">
<var>${NOME}</var>
<msg timestamp="20230502 11:01:14.136" level="INFO">${NOME} = Larissa</msg>
<status status="PASS" starttime="20230502 11:01:14.136" endtime="20230502 11:01:14.136"/>
</kw>
<kw name="Input Text" library="SeleniumLibrary">
<arg>${CAMPO_NOME}</arg>
<arg>${NOME}</arg>
<doc>Types the given ``text`` into the text field identified by ``locator``.</doc>
<msg timestamp="20230502 11:01:14.136" level="INFO">Typing text 'Larissa' into text field 'id:form-nome'.</msg>
<status status="PASS" starttime="20230502 11:01:14.136" endtime="20230502 11:01:14.215"/>
</kw>
<kw name="Job" library="FakerLibrary">
<var>${CARGO}</var>
<msg timestamp="20230502 11:01:14.216" level="INFO">${CARGO} = Fiscal</msg>
<status status="PASS" starttime="20230502 11:01:14.215" endtime="20230502 11:01:14.216"/>
</kw>
<kw name="Input Text" library="SeleniumLibrary">
<arg>${CAMPO_CARGO}</arg>
<arg>${CARGO}</arg>
<doc>Types the given ``text`` into the text field identified by ``locator``.</doc>
<msg timestamp="20230502 11:01:14.216" level="INFO">Typing text 'Fiscal' into text field 'id:form-cargo'.</msg>
<status status="PASS" starttime="20230502 11:01:14.216" endtime="20230502 11:01:14.285"/>
</kw>
<kw name="Image Url" library="FakerLibrary">
<var>${IMAGEM}</var>
<arg>width=100</arg>
<arg>height=100</arg>
<doc>Returns URL to placeholder image
Example: http://placehold.it/640x480</doc>
<msg timestamp="20230502 11:01:14.286" level="INFO">${IMAGEM} = https://placekitten.com/100/100</msg>
<status status="PASS" starttime="20230502 11:01:14.285" endtime="20230502 11:01:14.286"/>
</kw>
<kw name="Input Text" library="SeleniumLibrary">
<arg>${CAMPO_IMAGEM}</arg>
<arg>${IMAGEM}</arg>
<doc>Types the given ``text`` into the text field identified by ``locator``.</doc>
<msg timestamp="20230502 11:01:14.287" level="INFO">Typing text 'https://placekitten.com/100/100' into text field 'id:form-imagem'.</msg>
<status status="PASS" starttime="20230502 11:01:14.286" endtime="20230502 11:01:14.393"/>
</kw>
<kw name="Click Element" library="SeleniumLibrary">
<arg>${CAMPO_TIME}</arg>
<doc>Click the element identified by ``locator``.</doc>
<msg timestamp="20230502 11:01:14.394" level="INFO">Clicking element 'class:lista-suspensa'.</msg>
<status status="PASS" starttime="20230502 11:01:14.393" endtime="20230502 11:01:14.461"/>
</kw>
<kw name="Click Element" library="SeleniumLibrary">
<arg>${SELECIONAR_TIMES}[0]</arg>
<doc>Click the element identified by ``locator``.</doc>
<msg timestamp="20230502 11:01:14.462" level="INFO">Clicking element '//option[contains(.,'Programação')]'.</msg>
<status status="PASS" starttime="20230502 11:01:14.461" endtime="20230502 11:01:14.506"/>
</kw>
<status status="PASS" starttime="20230502 11:01:14.135" endtime="20230502 11:01:14.506"/>
</kw>
<kw name="Click Element" library="SeleniumLibrary">
<arg>${TIME}</arg>
<doc>Click the element identified by ``locator``.</doc>
<msg timestamp="20230502 11:01:14.507" level="INFO">Clicking element '//option[contains(.,'Mobile')]'.</msg>
<status status="PASS" starttime="20230502 11:01:14.507" endtime="20230502 11:01:14.546"/>
</kw>
<kw name="E clique no botão de criar card">
<kw name="Click Element" library="SeleniumLibrary">
<arg>${BOTAO_CARD}</arg>
<doc>Click the element identified by ``locator``.</doc>
<msg timestamp="20230502 11:01:14.547" level="INFO">Clicking element 'id:form-botao'.</msg>
<status status="PASS" starttime="20230502 11:01:14.546" endtime="20230502 11:01:14.595"/>
</kw>
<status status="PASS" starttime="20230502 11:01:14.546" endtime="20230502 11:01:14.596"/>
</kw>
<status status="PASS" starttime="20230502 11:01:14.135" endtime="20230502 11:01:14.596"/>
</iter>
<iter>
<var name="${index}">6</var>
<var name="${TIME}">//option[contains(.,'Inovação e Gestão')]</var>
<kw name="Dado que eu preencha os campos para a criação de card">
<kw name="First Name" library="FakerLibrary">
<var>${NOME}</var>
<msg timestamp="20230502 11:01:14.596" level="INFO">${NOME} = Isabel</msg>
<status status="PASS" starttime="20230502 11:01:14.596" endtime="20230502 11:01:14.597"/>
</kw>
<kw name="Input Text" library="SeleniumLibrary">
<arg>${CAMPO_NOME}</arg>
<arg>${NOME}</arg>
<doc>Types the given ``text`` into the text field identified by ``locator``.</doc>
<msg timestamp="20230502 11:01:14.597" level="INFO">Typing text 'Isabel' into text field 'id:form-nome'.</msg>
<status status="PASS" starttime="20230502 11:01:14.597" endtime="20230502 11:01:14.675"/>
</kw>
<kw name="Job" library="FakerLibrary">
<var>${CARGO}</var>
<msg timestamp="20230502 11:01:14.675" level="INFO">${CARGO} = Datilógrafo</msg>
<status status="PASS" starttime="20230502 11:01:14.675" endtime="20230502 11:01:14.675"/>
</kw>
<kw name="Input Text" library="SeleniumLibrary">
<arg>${CAMPO_CARGO}</arg>
<arg>${CARGO}</arg>
<doc>Types the given ``text`` into the text field identified by ``locator``.</doc>
<msg timestamp="20230502 11:01:14.676" level="INFO">Typing text 'Datilógrafo' into text field 'id:form-cargo'.</msg>
<status status="PASS" starttime="20230502 11:01:14.675" endtime="20230502 11:01:14.754"/>
</kw>
<kw name="Image Url" library="FakerLibrary">
<var>${IMAGEM}</var>
<arg>width=100</arg>
<arg>height=100</arg>
<doc>Returns URL to placeholder image
Example: http://placehold.it/640x480</doc>
<msg timestamp="20230502 11:01:14.755" level="INFO">${IMAGEM} = https://dummyimage.com/100x100</msg>
<status status="PASS" starttime="20230502 11:01:14.754" endtime="20230502 11:01:14.755"/>
</kw>
<kw name="Input Text" library="SeleniumLibrary">
<arg>${CAMPO_IMAGEM}</arg>
<arg>${IMAGEM}</arg>
<doc>Types the given ``text`` into the text field identified by ``locator``.</doc>
<msg timestamp="20230502 11:01:14.756" level="INFO">Typing text 'https://dummyimage.com/100x100' into text field 'id:form-imagem'.</msg>
<status status="PASS" starttime="20230502 11:01:14.755" endtime="20230502 11:01:14.862"/>
</kw>
<kw name="Click Element" library="SeleniumLibrary">
<arg>${CAMPO_TIME}</arg>
<doc>Click the element identified by ``locator``.</doc>
<msg timestamp="20230502 11:01:14.864" level="INFO">Clicking element 'class:lista-suspensa'.</msg>
<status status="PASS" starttime="20230502 11:01:14.864" endtime="20230502 11:01:14.936"/>
</kw>
<kw name="Click Element" library="SeleniumLibrary">
<arg>${SELECIONAR_TIMES}[0]</arg>
<doc>Click the element identified by ``locator``.</doc>
<msg timestamp="20230502 11:01:14.938" level="INFO">Clicking element '//option[contains(.,'Programação')]'.</msg>
<status status="PASS" starttime="20230502 11:01:14.938" endtime="20230502 11:01:14.973"/>
</kw>
<status status="PASS" starttime="20230502 11:01:14.596" endtime="20230502 11:01:14.973"/>
</kw>
<kw name="Click Element" library="SeleniumLibrary">
<arg>${TIME}</arg>
<doc>Click the element identified by ``locator``.</doc>
<msg timestamp="20230502 11:01:14.974" level="INFO">Clicking element '//option[contains(.,'Inovação e Gestão')]'.</msg>
<status status="PASS" starttime="20230502 11:01:14.974" endtime="20230502 11:01:15.012"/>
</kw>
<kw name="E clique no botão de criar card">
<kw name="Click Element" library="SeleniumLibrary">
<arg>${BOTAO_CARD}</arg>
<doc>Click the element identified by ``locator``.</doc>
<msg timestamp="20230502 11:01:15.013" level="INFO">Clicking element 'id:form-botao'.</msg>
<status status="PASS" starttime="20230502 11:01:15.012" endtime="20230502 11:01:15.057"/>
</kw>
<status status="PASS" starttime="20230502 11:01:15.012" endtime="20230502 11:01:15.058"/>
</kw>
<status status="PASS" starttime="20230502 11:01:14.596" endtime="20230502 11:01:15.058"/>
</iter>
<status status="PASS" starttime="20230502 11:01:11.476" endtime="20230502 11:01:15.058"/>
</for>
<kw name="Sleep" library="BuiltIn">
<arg>10s</arg>
<doc>Pauses the test executed for the given time.</doc>
<msg timestamp="20230502 11:01:25.059" level="INFO">Slept 10 seconds</msg>
<status status="PASS" starttime="20230502 11:01:15.058" endtime="20230502 11:01:25.059"/>
</kw>
<status status="PASS" starttime="20230502 11:01:11.476" endtime="20230502 11:01:25.059"/>
</kw>
<kw name="Fechar no navegador" library="setup_teardown" type="TEARDOWN">
<kw name="Close Browser" library="SeleniumLibrary">
<doc>Closes the current browser.</doc>
<status status="PASS" starttime="20230502 11:01:25.061" endtime="20230502 11:01:27.361"/>
</kw>
<status status="PASS" starttime="20230502 11:01:25.061" endtime="20230502 11:01:27.362"/>
</kw>
<status status="PASS" starttime="20230502 11:01:08.431" endtime="20230502 11:01:27.363"/>
</test>
<status status="PASS" starttime="20230502 11:00:55.225" endtime="20230502 11:01:27.369"/>
</suite>
<statistics>
<total>
<stat pass="3" fail="0" skip="0">All Tests</stat>
</total>
<tag>
</tag>
<suite>
<stat pass="3" fail="0" skip="0" id="s1" name="Preenchimento Correto">Preenchimento Correto</stat>
</suite>
</statistics>
<errors>
</errors>
</robot>
